<?xml version="1.0" encoding="UTF-8"?>
<testng-results ignored="0" total="1" passed="1" failed="0" skipped="0">
  <reporter-output>
  </reporter-output>
  <suite started-at="2026-07-01T06:30:54 IST" name="Default suite" finished-at="2026-07-01T06:30:54 IST" duration-ms="31">
    <groups>
    </groups>
    <test started-at="2026-07-01T06:30:54 IST" name="Default test" finished-at="2026-07-01T06:30:54 IST" duration-ms="31">
      <class name="SampleTes">
        <test-method signature="t1()[pri:0, instance:SampleTes@7f552bd3]" started-at="2026-07-01T06:30:54 IST" name="t1" finished-at="2026-07-01T06:30:54 IST" duration-ms="5" status="PASS">
          <reporter-output>
          </reporter-output>
        </test-method> <!-- t1 -->
      </class> <!-- SampleTes -->
    </test> <!-- Default test -->
  </suite> <!-- Default suite -->
</testng-results>
