<?xml version="1.0" encoding="UTF-8"?>
<testng-results ignored="1" total="2" passed="1" failed="0" skipped="0">
  <reporter-output>
  </reporter-output>
  <suite started-at="2026-07-02T06:54:41 IST" name="Default suite" finished-at="2026-07-02T06:54:41 IST" duration-ms="42">
    <groups>
    </groups>
    <test started-at="2026-07-02T06:54:41 IST" name="Default test" finished-at="2026-07-02T06:54:41 IST" duration-ms="42">
      <class name="ignoreTests">
        <test-method signature="method2()[pri:0, instance:ignoreTests@3c22fc4c]" started-at="2026-07-02T06:54:41 IST" name="method2" finished-at="2026-07-02T06:54:41 IST" duration-ms="6" status="PASS">
          <reporter-output>
          </reporter-output>
        </test-method> <!-- method2 -->
      </class> <!-- ignoreTests -->
    </test> <!-- Default test -->
  </suite> <!-- Default suite -->
</testng-results>
