<?xml version="1.0" encoding="UTF-8"?>
<!-- Generated by org.testng.reporters.JUnitReportReporter -->
<testsuite hostname="DESKTOP-2PPSA7U" failures="0" tests="4" name="PriorityEx" time="0.010" errors="0" timestamp="2026-07-01T07:29:28 IST" skipped="0">
  <testcase classname="PriorityEx" name="filter" time="0.005"/>
  <system-out/>
  <testcase classname="PriorityEx" name="login" time="0.001"/>
  <system-out/>
  <testcase classname="PriorityEx" name="logout" time="0.003"/>
  <system-out/>
  <testcase classname="PriorityEx" name="order" time="0.001"/>
  <system-out/>
</testsuite> <!-- PriorityEx -->
