<?xml version="1.0" encoding="UTF-8"?>
<!-- Generated by org.testng.reporters.JUnitXMLReporter -->
<testsuite ignored="3" hostname="DESKTOP-2PPSA7U" failures="0" tests="3" name="Test" time="0.047" errors="0" timestamp="2026-07-03T07:14:22 IST">
  <testcase classname="GroupsEx.GroupEx" name="checkout" time="0.006"/>
  <testcase classname="GroupsEx.GroupEx" name="login" time="0.001"/>
  <testcase classname="GroupsEx.GroupEx" name="logout" time="0.0"/>
  <testcase classname="GroupsEx.GroupEx" name="cart" time="0.0">
    <ignored/>
  </testcase> <!-- cart -->
  <testcase classname="GroupsEx.GroupEx" name="order" time="0.0">
    <ignored/>
  </testcase> <!-- order -->
  <testcase classname="GroupsEx.GroupEx" name="filter" time="0.0">
    <ignored/>
  </testcase> <!-- filter -->
</testsuite> <!-- Test -->
