<?xml version="1.0" encoding="UTF-8"?>
<!-- Generated by org.testng.reporters.JUnitReportReporter -->
<testsuite hostname="DESKTOP-2PPSA7U" failures="0" tests="2" name="testcases.LoginTest" time="3.981" errors="0" timestamp="2026-07-08T07:23:08 IST" skipped="0">
  <testcase classname="testcases.LoginTest" name="validLoginTest" time="2.342"/>
  <system-out/>
  <testcase classname="testcases.LoginTest" name="invalidLoginTest" time="1.639"/>
  <system-out/>
</testsuite> <!-- testcases.LoginTest -->
