<?xml version="1.0" encoding="UTF-8"?>
<!-- Generated by org.testng.reporters.JUnitReportReporter -->
<testsuite hostname="DESKTOP-2PPSA7U" failures="0" tests="2" name="testcases.LoginTest" time="9.985" errors="0" timestamp="2026-07-09T07:13:06 IST" skipped="0">
  <testcase classname="testcases.LoginTest" name="validLoginTest" time="4.652"/>
  <system-out/>
  <testcase classname="testcases.LoginTest" name="invalidLoginTest" time="5.333"/>
  <system-out/>
</testsuite> <!-- testcases.LoginTest -->
