<?xml version="1.0" encoding="UTF-8"?>
<!-- Generated by org.testng.reporters.JUnitReportReporter -->
<testsuite hostname="DESKTOP-2PPSA7U" failures="0" tests="3" name="testcases.HomeTest" time="21.524" errors="0" timestamp="2026-07-09T07:13:06 IST" skipped="0">
  <testcase classname="testcases.HomeTest" name="removeFromcart" time="6.509"/>
  <system-out/>
  <testcase classname="testcases.HomeTest" name="addtocart" time="6.756"/>
  <system-out/>
  <testcase classname="testcases.HomeTest" name="sorting" time="8.259"/>
  <system-out/>
</testsuite> <!-- testcases.HomeTest -->
