<?xml version="1.0" encoding="UTF-8"?>
<!-- Generated by org.testng.reporters.JUnitXMLReporter -->
<testsuite ignored="0" hostname="DESKTOP-2PPSA7U" failures="0" tests="3" name="ParalellTest" time="5.789" errors="0" timestamp="2026-07-03T07:09:30 IST">
  <testcase classname="ParalleEx.ParallelEx" name="loginSession2" time="5.361"/>
  <testcase classname="ParalleEx.ParallelEx" name="loginSession3" time="5.407"/>
  <testcase classname="ParalleEx.ParallelEx" name="loginSession1" time="5.751"/>
</testsuite> <!-- ParalellTest -->
