<?xml version="1.0" encoding="UTF-8"?>
<testng-results ignored="0" total="2" passed="2" failed="0" skipped="0">
  <reporter-output>
  </reporter-output>
  <suite started-at="2026-07-08T07:23:04 IST" name="Default suite" finished-at="2026-07-08T07:23:08 IST" duration-ms="4020">
    <groups>
    </groups>
    <test started-at="2026-07-08T07:23:04 IST" name="Default test" finished-at="2026-07-08T07:23:08 IST" duration-ms="4020">
      <class name="testcases.LoginTest">
        <test-method is-config="true" signature="init()[pri:0, instance:testcases.LoginTest@70e8f8e]" started-at="2026-07-08T07:23:04 IST" name="init" finished-at="2026-07-08T07:23:06 IST" duration-ms="1796" status="PASS">
          <reporter-output>
          </reporter-output>
        </test-method> <!-- init -->
        <test-method signature="invalidLoginTest()[pri:0, instance:testcases.LoginTest@70e8f8e]" started-at="2026-07-08T07:23:06 IST" name="invalidLoginTest" finished-at="2026-07-08T07:23:06 IST" duration-ms="304" status="PASS">
          <reporter-output>
          </reporter-output>
        </test-method> <!-- invalidLoginTest -->
        <test-method is-config="true" signature="teardown()[pri:0, instance:testcases.LoginTest@70e8f8e]" started-at="2026-07-08T07:23:06 IST" name="teardown" finished-at="2026-07-08T07:23:06 IST" duration-ms="194" status="PASS">
          <reporter-output>
          </reporter-output>
        </test-method> <!-- teardown -->
        <test-method is-config="true" signature="init()[pri:0, instance:testcases.LoginTest@70e8f8e]" started-at="2026-07-08T07:23:06 IST" name="init" finished-at="2026-07-08T07:23:07 IST" duration-ms="1135" status="PASS">
          <reporter-output>
          </reporter-output>
        </test-method> <!-- init -->
        <test-method signature="validLoginTest()[pri:0, instance:testcases.LoginTest@70e8f8e]" started-at="2026-07-08T07:23:07 IST" name="validLoginTest" finished-at="2026-07-08T07:23:08 IST" duration-ms="352" status="PASS">
          <reporter-output>
          </reporter-output>
        </test-method> <!-- validLoginTest -->
        <test-method is-config="true" signature="teardown()[pri:0, instance:testcases.LoginTest@70e8f8e]" started-at="2026-07-08T07:23:08 IST" name="teardown" finished-at="2026-07-08T07:23:08 IST" duration-ms="200" status="PASS">
          <reporter-output>
          </reporter-output>
        </test-method> <!-- teardown -->
      </class> <!-- testcases.LoginTest -->
    </test> <!-- Default test -->
  </suite> <!-- Default suite -->
</testng-results>
