<?xml version="1.0" encoding="UTF-8"?>
<testng-results ignored="0" total="5" passed="5" failed="0" skipped="0">
  <reporter-output>
  </reporter-output>
  <suite started-at="2026-07-09T07:12:34 IST" name="SauceSuite" finished-at="2026-07-09T07:13:06 IST" duration-ms="31557">
    <groups>
    </groups>
    <test started-at="2026-07-09T07:12:34 IST" name="SauceTests" finished-at="2026-07-09T07:13:06 IST" duration-ms="31557">
      <class name="testcases.HomeTest">
        <test-method is-config="true" signature="init()[pri:0, instance:testcases.HomeTest@c33b74f]" started-at="2026-07-09T07:12:44 IST" name="init" finished-at="2026-07-09T07:12:48 IST" duration-ms="3639" status="PASS">
          <reporter-output>
          </reporter-output>
        </test-method> <!-- init -->
        <test-method signature="addtocart()[pri:0, instance:testcases.HomeTest@c33b74f]" started-at="2026-07-09T07:12:48 IST" name="addtocart" finished-at="2026-07-09T07:12:48 IST" duration-ms="322" status="PASS">
          <reporter-output>
          </reporter-output>
        </test-method> <!-- addtocart -->
        <test-method is-config="true" signature="teardown()[pri:0, instance:testcases.HomeTest@c33b74f]" started-at="2026-07-09T07:12:48 IST" name="teardown" finished-at="2026-07-09T07:12:51 IST" duration-ms="2632" status="PASS">
          <reporter-output>
          </reporter-output>
        </test-method> <!-- teardown -->
        <test-method is-config="true" signature="init()[pri:0, instance:testcases.HomeTest@c33b74f]" started-at="2026-07-09T07:12:51 IST" name="init" finished-at="2026-07-09T07:12:54 IST" duration-ms="3788" status="PASS">
          <reporter-output>
          </reporter-output>
        </test-method> <!-- init -->
        <test-method signature="removeFromcart()[pri:0, instance:testcases.HomeTest@c33b74f]" started-at="2026-07-09T07:12:54 IST" name="removeFromcart" finished-at="2026-07-09T07:12:55 IST" duration-ms="238" status="PASS">
          <reporter-output>
          </reporter-output>
        </test-method> <!-- removeFromcart -->
        <test-method is-config="true" signature="teardown()[pri:0, instance:testcases.HomeTest@c33b74f]" started-at="2026-07-09T07:12:55 IST" name="teardown" finished-at="2026-07-09T07:12:57 IST" duration-ms="2646" status="PASS">
          <reporter-output>
          </reporter-output>
        </test-method> <!-- teardown -->
        <test-method is-config="true" signature="init()[pri:0, instance:testcases.HomeTest@c33b74f]" started-at="2026-07-09T07:12:57 IST" name="init" finished-at="2026-07-09T07:13:01 IST" duration-ms="3401" status="PASS">
          <reporter-output>
          </reporter-output>
        </test-method> <!-- init -->
        <test-method signature="sorting()[pri:0, instance:testcases.HomeTest@c33b74f]" started-at="2026-07-09T07:13:01 IST" name="sorting" finished-at="2026-07-09T07:13:03 IST" duration-ms="2203" status="PASS">
          <reporter-output>
          </reporter-output>
        </test-method> <!-- sorting -->
        <test-method is-config="true" signature="teardown()[pri:0, instance:testcases.HomeTest@c33b74f]" started-at="2026-07-09T07:13:03 IST" name="teardown" finished-at="2026-07-09T07:13:06 IST" duration-ms="2655" status="PASS">
          <reporter-output>
          </reporter-output>
        </test-method> <!-- teardown -->
      </class> <!-- testcases.HomeTest -->
      <class name="testcases.LoginTest">
        <test-method is-config="true" signature="init()[pri:0, instance:testcases.LoginTest@5a63f509]" started-at="2026-07-09T07:12:34 IST" name="init" finished-at="2026-07-09T07:12:38 IST" duration-ms="3934" status="PASS">
          <reporter-output>
          </reporter-output>
        </test-method> <!-- init -->
        <test-method signature="invalidLoginTest()[pri:0, instance:testcases.LoginTest@5a63f509]" started-at="2026-07-09T07:12:38 IST" name="invalidLoginTest" finished-at="2026-07-09T07:12:39 IST" duration-ms="605" status="PASS">
          <reporter-output>
          </reporter-output>
        </test-method> <!-- invalidLoginTest -->
        <test-method is-config="true" signature="teardown()[pri:0, instance:testcases.LoginTest@5a63f509]" started-at="2026-07-09T07:12:39 IST" name="teardown" finished-at="2026-07-09T07:12:39 IST" duration-ms="794" status="PASS">
          <reporter-output>
          </reporter-output>
        </test-method> <!-- teardown -->
        <test-method is-config="true" signature="init()[pri:0, instance:testcases.LoginTest@5a63f509]" started-at="2026-07-09T07:12:39 IST" name="init" finished-at="2026-07-09T07:12:43 IST" duration-ms="3259" status="PASS">
          <reporter-output>
          </reporter-output>
        </test-method> <!-- init -->
        <test-method signature="validLoginTest()[pri:0, instance:testcases.LoginTest@5a63f509]" started-at="2026-07-09T07:12:43 IST" name="validLoginTest" finished-at="2026-07-09T07:12:43 IST" duration-ms="478" status="PASS">
          <reporter-output>
          </reporter-output>
        </test-method> <!-- validLoginTest -->
        <test-method is-config="true" signature="teardown()[pri:0, instance:testcases.LoginTest@5a63f509]" started-at="2026-07-09T07:12:43 IST" name="teardown" finished-at="2026-07-09T07:12:44 IST" duration-ms="915" status="PASS">
          <reporter-output>
          </reporter-output>
        </test-method> <!-- teardown -->
      </class> <!-- testcases.LoginTest -->
    </test> <!-- SauceTests -->
  </suite> <!-- SauceSuite -->
</testng-results>
