<?xml version="1.0" encoding="UTF-8"?>
<!-- Generated by org.testng.reporters.JUnitXMLReporter -->
<testsuite ignored="0" hostname="DESKTOP-2PPSA7U" failures="0" tests="5" name="SauceTests" time="31.557" errors="0" timestamp="2026-07-09T07:13:06 IST">
  <testcase classname="testcases.LoginTest" name="invalidLoginTest" time="0.605"/>
  <testcase classname="testcases.LoginTest" name="validLoginTest" time="0.478"/>
  <testcase classname="testcases.HomeTest" name="addtocart" time="0.322"/>
  <testcase classname="testcases.HomeTest" name="removeFromcart" time="0.238"/>
  <testcase classname="testcases.HomeTest" name="sorting" time="2.203"/>
</testsuite> <!-- SauceTests -->
