<?xml version="1.0" encoding="UTF-8"?>
<testng-results ignored="0" total="2" passed="2" failed="0" skipped="0">
  <reporter-output>
  </reporter-output>
  <suite started-at="2026-07-01T07:31:04 IST" name="Default suite" finished-at="2026-07-01T07:31:04 IST" duration-ms="44">
    <groups>
    </groups>
    <test started-at="2026-07-01T07:31:04 IST" name="Default test" finished-at="2026-07-01T07:31:04 IST" duration-ms="44">
      <class name="AnnotationEx">
        <test-method is-config="true" signature="beforeTest()[pri:0, instance:AnnotationEx@30ee2816]" started-at="2026-07-01T07:31:04 IST" name="beforeTest" finished-at="2026-07-01T07:31:04 IST" duration-ms="5" status="PASS">
          <reporter-output>
          </reporter-output>
        </test-method> <!-- beforeTest -->
        <test-method is-config="true" signature="beforeClass()[pri:0, instance:AnnotationEx@30ee2816]" started-at="2026-07-01T07:31:04 IST" name="beforeClass" finished-at="2026-07-01T07:31:04 IST" duration-ms="0" status="PASS">
          <reporter-output>
          </reporter-output>
        </test-method> <!-- beforeClass -->
        <test-method is-config="true" signature="beforemethod()[pri:0, instance:AnnotationEx@30ee2816]" started-at="2026-07-01T07:31:04 IST" name="beforemethod" finished-at="2026-07-01T07:31:04 IST" duration-ms="0" status="PASS">
          <reporter-output>
          </reporter-output>
        </test-method> <!-- beforemethod -->
        <test-method signature="method1()[pri:0, instance:AnnotationEx@30ee2816]" started-at="2026-07-01T07:31:04 IST" name="method1" finished-at="2026-07-01T07:31:04 IST" duration-ms="8" status="PASS">
          <reporter-output>
          </reporter-output>
        </test-method> <!-- method1 -->
        <test-method is-config="true" signature="aftermethod()[pri:0, instance:AnnotationEx@30ee2816]" started-at="2026-07-01T07:31:04 IST" name="aftermethod" finished-at="2026-07-01T07:31:04 IST" duration-ms="0" status="PASS">
          <reporter-output>
          </reporter-output>
        </test-method> <!-- aftermethod -->
        <test-method is-config="true" signature="beforemethod()[pri:0, instance:AnnotationEx@30ee2816]" started-at="2026-07-01T07:31:04 IST" name="beforemethod" finished-at="2026-07-01T07:31:04 IST" duration-ms="0" status="PASS">
          <reporter-output>
          </reporter-output>
        </test-method> <!-- beforemethod -->
        <test-method signature="method2()[pri:0, instance:AnnotationEx@30ee2816]" started-at="2026-07-01T07:31:04 IST" name="method2" finished-at="2026-07-01T07:31:04 IST" duration-ms="1" status="PASS">
          <reporter-output>
          </reporter-output>
        </test-method> <!-- method2 -->
        <test-method is-config="true" signature="aftermethod()[pri:0, instance:AnnotationEx@30ee2816]" started-at="2026-07-01T07:31:04 IST" name="aftermethod" finished-at="2026-07-01T07:31:04 IST" duration-ms="0" status="PASS">
          <reporter-output>
          </reporter-output>
        </test-method> <!-- aftermethod -->
        <test-method is-config="true" signature="afterClass()[pri:0, instance:AnnotationEx@30ee2816]" started-at="2026-07-01T07:31:04 IST" name="afterClass" finished-at="2026-07-01T07:31:04 IST" duration-ms="1" status="PASS">
          <reporter-output>
          </reporter-output>
        </test-method> <!-- afterClass -->
        <test-method is-config="true" signature="afterTest()[pri:0, instance:AnnotationEx@30ee2816]" started-at="2026-07-01T07:31:04 IST" name="afterTest" finished-at="2026-07-01T07:31:04 IST" duration-ms="0" status="PASS">
          <reporter-output>
          </reporter-output>
        </test-method> <!-- afterTest -->
      </class> <!-- AnnotationEx -->
    </test> <!-- Default test -->
  </suite> <!-- Default suite -->
</testng-results>
