<?xml version="1.0" encoding="UTF-8"?>
<!-- Generated by org.testng.reporters.JUnitReportReporter -->
<testsuite hostname="DESKTOP-2PPSA7U" failures="0" tests="2" name="DataProviders.DataProviderEg" time="0.013" errors="0" timestamp="2026-07-03T07:01:11 IST" skipped="0">
  <testcase classname="DataProviders.DataProviderEg" name="method" time="0.011"/>
  <system-out/>
  <testcase classname="DataProviders.DataProviderEg" name="method" time="0.002"/>
  <system-out/>
</testsuite> <!-- DataProviders.DataProviderEg -->
