<?xml version="1.0" encoding="UTF-8"?>
<!-- Generated by org.testng.reporters.JUnitReportReporter -->
<testsuite hostname="DESKTOP-2PPSA7U" failures="0" tests="10" name="invocationCountEx.invocationEx" time="0.017" errors="0" timestamp="2026-07-03T06:34:35 IST" skipped="0">
  <testcase classname="invocationCountEx.invocationEx" name="method1" time="0.006"/>
  <system-out/>
  <testcase classname="invocationCountEx.invocationEx" name="method1" time="0.001"/>
  <system-out/>
  <testcase classname="invocationCountEx.invocationEx" name="method1" time="0.000"/>
  <system-out/>
  <testcase classname="invocationCountEx.invocationEx" name="method1" time="0.001"/>
  <system-out/>
  <testcase classname="invocationCountEx.invocationEx" name="method1" time="0.001"/>
  <system-out/>
  <testcase classname="invocationCountEx.invocationEx" name="method1" time="0.000"/>
  <system-out/>
  <testcase classname="invocationCountEx.invocationEx" name="method1" time="0.001"/>
  <system-out/>
  <testcase classname="invocationCountEx.invocationEx" name="method1" time="0.004"/>
  <system-out/>
  <testcase classname="invocationCountEx.invocationEx" name="method1" time="0.001"/>
  <system-out/>
  <testcase classname="invocationCountEx.invocationEx" name="method1" time="0.002"/>
  <system-out/>
</testsuite> <!-- invocationCountEx.invocationEx -->
