<?xml version="1.0" encoding="UTF-8"?>
<!-- Generated by org.testng.reporters.JUnitReportReporter -->
<testsuite hostname="DESKTOP-2PPSA7U" failures="0" tests="3" name="GroupsEx.GroupEx" time="0.007" errors="0" timestamp="2026-07-03T07:14:22 IST" skipped="0">
  <testcase classname="GroupsEx.GroupEx" name="logout" time="0.000"/>
  <system-out/>
  <testcase classname="GroupsEx.GroupEx" name="checkout" time="0.006"/>
  <system-out/>
  <testcase classname="GroupsEx.GroupEx" name="login" time="0.001"/>
  <system-out/>
</testsuite> <!-- GroupsEx.GroupEx -->
