<?xml version="1.0" encoding="UTF-8"?>
<!-- Generated by org.testng.reporters.JUnitReportReporter -->
<testsuite hostname="DESKTOP-2PPSA7U" failures="0" tests="3" name="Parameters.ParametersEx" time="0.009" errors="0" timestamp="2026-07-03T07:21:58 IST" skipped="0">
  <testcase classname="Parameters.ParametersEx" name="logintest" time="0.002"/>
  <system-out/>
  <testcase classname="Parameters.ParametersEx" name="logintest" time="0.001"/>
  <system-out/>
  <testcase classname="Parameters.ParametersEx" name="logintest" time="0.006"/>
  <system-out/>
</testsuite> <!-- Parameters.ParametersEx -->
