<?xml version="1.0" encoding="UTF-8"?>
<!-- Generated by org.testng.reporters.JUnitReportReporter -->
<testsuite hostname="DESKTOP-2PPSA7U" failures="0" tests="3" name="ParalleEx.ParallelEx" time="16.519" errors="0" timestamp="2026-07-03T07:09:30 IST" skipped="0">
  <testcase classname="ParalleEx.ParallelEx" name="loginSession1" time="5.751"/>
  <system-out/>
  <testcase classname="ParalleEx.ParallelEx" name="loginSession2" time="5.361"/>
  <system-out/>
  <testcase classname="ParalleEx.ParallelEx" name="loginSession3" time="5.407"/>
  <system-out/>
</testsuite> <!-- ParalleEx.ParallelEx -->
