<?xml version="1.0" encoding="UTF-8"?>
<!-- Generated by org.testng.reporters.JUnitReportReporter -->
<testsuite hostname="DESKTOP-2PPSA7U" failures="0" tests="3" name="DataProviders.LoginDataProvider" time="8.454" errors="0" timestamp="2026-07-01T20:38:04 IST" skipped="0">
  <testcase classname="DataProviders.LoginDataProvider" name="login" time="2.632"/>
  <system-out/>
  <testcase classname="DataProviders.LoginDataProvider" name="login" time="3.215"/>
  <system-out/>
  <testcase classname="DataProviders.LoginDataProvider" name="login" time="2.607"/>
  <system-out/>
</testsuite> <!-- DataProviders.LoginDataProvider -->
