<?xml version="1.0" encoding="UTF-8"?>
<!-- Generated by org.testng.reporters.JUnitReportReporter -->
<testsuite hostname="DESKTOP-2PPSA7U" failures="0" tests="3" name="Parameters.ParametersEx" time="0.006" errors="0" timestamp="2026-07-01T20:40:57 IST" skipped="0">
  <testcase classname="Parameters.ParametersEx" name="logintest" time="0.001"/>
  <system-out/>
  <testcase classname="Parameters.ParametersEx" name="logintest" time="0.000"/>
  <system-out/>
  <testcase classname="Parameters.ParametersEx" name="logintest" time="0.005"/>
  <system-out/>
</testsuite> <!-- Parameters.ParametersEx -->
