<?xml version="1.0" encoding="UTF-8"?>
<!-- Generated by org.testng.reporters.JUnitReportReporter -->
<testsuite hostname="DESKTOP-2PPSA7U" failures="0" tests="3" name="DataProviders.LoginDataProvider" time="7.784" errors="0" timestamp="2026-07-03T06:56:06 IST" skipped="0">
  <testcase classname="DataProviders.LoginDataProvider" name="login" time="2.276"/>
  <system-out/>
  <testcase classname="DataProviders.LoginDataProvider" name="login" time="2.304"/>
  <system-out/>
  <testcase classname="DataProviders.LoginDataProvider" name="login" time="3.204"/>
  <system-out/>
</testsuite> <!-- DataProviders.LoginDataProvider -->
