<?xml version="1.0" encoding="UTF-8"?>
<!-- Generated by org.testng.reporters.JUnitReportReporter -->
<testsuite hostname="DESKTOP-2PPSA7U" failures="0" tests="3" name="DataProviders.DataProviderEg" time="0.004" errors="0" timestamp="2026-07-01T20:37:49 IST" skipped="0">
  <testcase classname="DataProviders.DataProviderEg" name="method1" time="0.000"/>
  <system-out/>
  <testcase classname="DataProviders.DataProviderEg" name="method1" time="0.004"/>
  <system-out/>
  <testcase classname="DataProviders.DataProviderEg" name="method1" time="0.000"/>
  <system-out/>
</testsuite> <!-- DataProviders.DataProviderEg -->
