<?xml version="1.0" encoding="UTF-8"?>
<!-- Generated by org.testng.reporters.JUnitXMLReporter -->
<testsuite ignored="0" hostname="DESKTOP-2PPSA7U" failures="0" tests="3" name="SauceTests" time="15.138" errors="0" timestamp="2026-07-03T06:32:21 IST">
  <testcase classname="SauceTests.CartTest" name="addtocart" time="5.599"/>
  <testcase classname="SauceTests.LoginTest" name="invalidlogin" time="4.776"/>
  <testcase classname="SauceTests.LoginTest" name="validlogin" time="4.73"/>
</testsuite> <!-- SauceTests -->
