<?xml version="1.0" encoding="UTF-8"?>
<!-- Generated by org.testng.reporters.JUnitXMLReporter -->
<testsuite ignored="0" hostname="DESKTOP-2PPSA7U" failures="0" tests="4" name="SauceTests" time="18.964" errors="0" timestamp="2026-07-02T06:37:20 IST">
  <testcase classname="SauceTests.LogoutTest" name="logout" time="7.051"/>
  <testcase classname="SauceTests.CartTest" name="addtocart" time="2.785"/>
  <testcase classname="SauceTests.LoginTest" name="invalidlogin" time="4.505"/>
  <testcase classname="SauceTests.LoginTest" name="validlogin" time="4.586"/>
</testsuite> <!-- SauceTests -->
